This file contains any messages produced by compilers while
running configure, to aid debugging if configure makes a mistake.

It was created by libusb configure 1.0.9, which was
generated by GNU Autoconf 2.68.  Invocation command line was

  $ ./configure --host=i686-w64-mingw32 --build=i686-w64-mingw32

## --------- ##
## Platform. ##
## --------- ##

hostname = vaio.davidgf.net
uname -m = i686
uname -r = 3.9.10-100.fc17.i686
uname -s = Linux
uname -v = #1 SMP Sun Jul 14 01:40:11 UTC 2013

/usr/bin/uname -p = i686
/bin/uname -X     = unknown

/bin/arch              = i686
/usr/bin/arch -k       = unknown
/usr/convex/getsysinfo = unknown
/usr/bin/hostinfo      = unknown
/bin/machine           = unknown
/usr/bin/oslevel       = unknown
/bin/universe          = unknown

PATH: /usr/lib/qt-3.3/bin
PATH: /usr/local/bin
PATH: /usr/bin
PATH: /bin
PATH: /usr/local/sbin
PATH: /usr/sbin
PATH: /home/david/.local/bin
PATH: /home/david/bin


## ----------- ##
## Core tests. ##
## ----------- ##

configure:2376: checking for a BSD-compatible install
configure:2444: result: /usr/bin/install -c
configure:2455: checking whether build environment is sane
configure:2505: result: yes
configure:2646: checking for a thread-safe mkdir -p
configure:2685: result: /usr/bin/mkdir -p
configure:2698: checking for gawk
configure:2714: found /usr/bin/gawk
configure:2725: result: gawk
configure:2736: checking whether make sets $(MAKE)
configure:2758: result: yes
configure:2839: checking whether to enable maintainer-specific portions of Makefiles
configure:2848: result: no
configure:2877: checking whether make supports nested variables
configure:2894: result: yes
configure:2915: checking for i686-w64-mingw32-gcc
configure:2931: found /usr/bin/i686-w64-mingw32-gcc
configure:2942: result: i686-w64-mingw32-gcc
configure:3211: checking for C compiler version
configure:3220: i686-w64-mingw32-gcc --version >&5
i686-w64-mingw32-gcc (GCC) 4.7.2 20120920 (Fedora MinGW 4.7.2-7.fc17)
Copyright (C) 2012 Free Software Foundation, Inc.
This is free software; see the source for copying conditions.  There is NO
warranty; not even for MERCHANTABILITY or FITNESS FOR A PARTICULAR PURPOSE.

configure:3231: $? = 0
configure:3220: i686-w64-mingw32-gcc -v >&5
Using built-in specs.
COLLECT_GCC=i686-w64-mingw32-gcc
COLLECT_LTO_WRAPPER=/usr/libexec/gcc/i686-w64-mingw32/4.7.2/lto-wrapper
Target: i686-w64-mingw32
Configured with: ../configure --prefix=/usr --bindir=/usr/bin --includedir=/usr/include --libdir=/usr/lib --mandir=/usr/share/man --infodir=/usr/share/info --datadir=/usr/share --build=i686-redhat-linux-gnu --host=i686-redhat-linux-gnu --with-gnu-as --with-gnu-ld --verbose --without-newlib --disable-multilib --disable-plugin --with-system-zlib --disable-nls --without-included-gettext --disable-win32-registry --enable-languages=c,c++,objc,obj-c++,fortran --with-bugurl=http://bugzilla.redhat.com/bugzilla --with-ppl --disable-ppl-version-check --with-cloog --enable-libgomp --target=i686-w64-mingw32 --with-sysroot=/usr/i686-w64-mingw32/sys-root --with-gxx-include-dir=/usr/i686-w64-mingw32/sys-root/mingw/include/c++
Thread model: win32
gcc version 4.7.2 20120920 (Fedora MinGW 4.7.2-7.fc17) (GCC) 
configure:3231: $? = 0
configure:3220: i686-w64-mingw32-gcc -V >&5
i686-w64-mingw32-gcc: error: unrecognized command line option '-V'
i686-w64-mingw32-gcc: fatal error: no input files
compilation terminated.
configure:3231: $? = 1
configure:3220: i686-w64-mingw32-gcc -qversion >&5
i686-w64-mingw32-gcc: error: unrecognized command line option '-qversion'
i686-w64-mingw32-gcc: fatal error: no input files
compilation terminated.
configure:3231: $? = 1
configure:3251: checking whether the C compiler works
configure:3273: i686-w64-mingw32-gcc    conftest.c  >&5
configure:3277: $? = 0
configure:3325: result: yes
configure:3328: checking for C compiler default output file name
configure:3330: result: a.exe
configure:3336: checking for suffix of executables
configure:3343: i686-w64-mingw32-gcc -o conftest.exe    conftest.c  >&5
configure:3347: $? = 0
configure:3369: result: .exe
configure:3391: checking whether we are cross compiling
configure:3399: i686-w64-mingw32-gcc -o conftest.exe    conftest.c  >&5
configure:3403: $? = 0
configure:3410: ./conftest.exe
configure:3414: $? = 0
configure:3429: result: no
configure:3434: checking for suffix of object files
configure:3456: i686-w64-mingw32-gcc -c   conftest.c >&5
configure:3460: $? = 0
configure:3481: result: o
configure:3485: checking whether we are using the GNU C compiler
configure:3504: i686-w64-mingw32-gcc -c   conftest.c >&5
configure:3504: $? = 0
configure:3513: result: yes
configure:3522: checking whether i686-w64-mingw32-gcc accepts -g
configure:3542: i686-w64-mingw32-gcc -c -g  conftest.c >&5
configure:3542: $? = 0
configure:3583: result: yes
configure:3600: checking for i686-w64-mingw32-gcc option to accept ISO C89
configure:3664: i686-w64-mingw32-gcc  -c -g -O2  conftest.c >&5
configure:3664: $? = 0
configure:3677: result: none needed
configure:3708: checking for style of include used by make
configure:3736: result: GNU
configure:3762: checking dependency style of i686-w64-mingw32-gcc
configure:3873: result: gcc3
configure:3917: checking build system type
configure:3931: result: i686-w64-mingw32
configure:3951: checking host system type
configure:3964: result: i686-w64-mingw32
configure:4005: checking how to print strings
configure:4032: result: printf
configure:4053: checking for a sed that does not truncate output
configure:4117: result: /usr/bin/sed
configure:4135: checking for grep that handles long lines and -e
configure:4193: result: /usr/bin/grep
configure:4198: checking for egrep
configure:4260: result: /usr/bin/grep -E
configure:4265: checking for fgrep
configure:4327: result: /usr/bin/grep -F
configure:4362: checking for ld used by i686-w64-mingw32-gcc
configure:4429: result: /usr/i686-w64-mingw32/bin/ld
configure:4436: checking if the linker (/usr/i686-w64-mingw32/bin/ld) is GNU ld
configure:4451: result: yes
configure:4463: checking for BSD- or MS-compatible name lister (nm)
configure:4512: result: /usr/bin/nm -B
configure:4642: checking the name lister (/usr/bin/nm -B) interface
configure:4649: i686-w64-mingw32-gcc -c -g -O2  conftest.c >&5
configure:4652: /usr/bin/nm -B "conftest.o"
/usr/bin/nm: conftest.o: File format not recognized
configure:4655: output
configure:4662: result: BSD nm
configure:4665: checking whether ln -s works
configure:4669: result: yes
configure:4677: checking the maximum length of command line arguments
configure:4807: result: 8192
configure:4824: checking whether the shell understands some XSI constructs
configure:4834: result: yes
configure:4838: checking whether the shell understands "+="
configure:4844: result: yes
configure:4879: checking how to convert i686-w64-mingw32 file names to i686-w64-mingw32 format
configure:4919: result: func_convert_file_msys_to_w32
configure:4926: checking how to convert i686-w64-mingw32 file names to toolchain format
configure:4946: result: func_convert_file_msys_to_w32
configure:4953: checking for /usr/i686-w64-mingw32/bin/ld option to reload object files
configure:4960: result: -r
configure:4994: checking for i686-w64-mingw32-objdump
configure:5010: found /usr/bin/i686-w64-mingw32-objdump
configure:5021: result: i686-w64-mingw32-objdump
configure:5093: checking how to recognize dependent libraries
configure:5295: result: file_magic ^x86 archive import|^x86 DLL
configure:5340: checking for i686-w64-mingw32-dlltool
configure:5356: found /usr/bin/i686-w64-mingw32-dlltool
configure:5367: result: i686-w64-mingw32-dlltool
configure:5440: checking how to associate runtime and link libraries
configure:5467: result: func_cygming_dll_for_implib
configure:5484: checking for i686-w64-mingw32-ar
configure:5500: found /usr/bin/i686-w64-mingw32-ar
configure:5511: result: i686-w64-mingw32-ar
configure:5592: checking for archiver @FILE support
configure:5609: i686-w64-mingw32-gcc -c -g -O2  conftest.c >&5
configure:5609: $? = 0
configure:5612: i686-w64-mingw32-ar cru libconftest.a @conftest.lst >&5
configure:5615: $? = 0
configure:5620: i686-w64-mingw32-ar cru libconftest.a @conftest.lst >&5
i686-w64-mingw32-ar: conftest.o: No such file or directory
configure:5623: $? = 1
configure:5635: result: @
configure:5653: checking for i686-w64-mingw32-strip
configure:5669: found /usr/bin/i686-w64-mingw32-strip
configure:5680: result: i686-w64-mingw32-strip
configure:5752: checking for i686-w64-mingw32-ranlib
configure:5768: found /usr/bin/i686-w64-mingw32-ranlib
configure:5779: result: i686-w64-mingw32-ranlib
configure:5921: checking command to parse /usr/bin/nm -B output from i686-w64-mingw32-gcc object
configure:6041: i686-w64-mingw32-gcc -c -g -O2  conftest.c >&5
configure:6044: $? = 0
configure:6048: /usr/bin/nm -B conftest.o \| sed -n -e 's/^.*[ ]\([ABCDGIRSTW][ABCDGIRSTW]*\)[ ][ ]*\([_A-Za-z][_A-Za-z0-9]*\)\{0,1\}$/\1 \2 \2/p' | sed '/ __gnu_lto/d' \> conftest.nm
/usr/bin/nm: conftest.o: File format not recognized
configure:6051: $? = 0
cannot run sed -n -e 's/^.*[	 ]\([ABCDGIRSTW][ABCDGIRSTW]*\)[	 ][	 ]*\([_A-Za-z][_A-Za-z0-9]*\)\{0,1\}$/\1 \2 \2/p' | sed '/ __gnu_lto/d'
configure:6041: i686-w64-mingw32-gcc -c -g -O2  conftest.c >&5
configure:6044: $? = 0
configure:6048: /usr/bin/nm -B conftest.o \| sed -n -e 's/^.*[ ]\([ABCDGIRSTW][ABCDGIRSTW]*\)[ ][ ]*_\([_A-Za-z][_A-Za-z0-9]*\)\{0,1\}$/\1 _\2 \2/p' | sed '/ __gnu_lto/d' \> conftest.nm
/usr/bin/nm: conftest.o: File format not recognized
configure:6051: $? = 0
cannot run sed -n -e 's/^.*[	 ]\([ABCDGIRSTW][ABCDGIRSTW]*\)[	 ][	 ]*_\([_A-Za-z][_A-Za-z0-9]*\)\{0,1\}$/\1 _\2 \2/p' | sed '/ __gnu_lto/d'
configure:6155: result: failed
configure:6195: checking for sysroot
configure:6225: result: no
configure:6441: checking for i686-w64-mingw32-mt
configure:6471: result: no
configure:6481: checking for mt
configure:6511: result: no
configure:6531: checking if : is a manifest tool
configure:6537: : '-?'
configure:6545: result: no
configure:7187: checking how to run the C preprocessor
configure:7218: i686-w64-mingw32-gcc -E  conftest.c
configure:7218: $? = 0
configure:7232: i686-w64-mingw32-gcc -E  conftest.c
conftest.c:11:28: fatal error: ac_nonexistent.h: No such file or directory
compilation terminated.
configure:7232: $? = 1
configure: failed program was:
| /* confdefs.h */
| #define PACKAGE_NAME "libusb"
| #define PACKAGE_TARNAME "libusb"
| #define PACKAGE_VERSION "1.0.9"
| #define PACKAGE_STRING "libusb 1.0.9"
| #define PACKAGE_BUGREPORT "libusb-devel@lists.sourceforge.net"
| #define PACKAGE_URL "http://www.libusb.org/"
| #define PACKAGE "libusb"
| #define VERSION "1.0.9"
| /* end confdefs.h.  */
| #include <ac_nonexistent.h>
configure:7257: result: i686-w64-mingw32-gcc -E
configure:7277: i686-w64-mingw32-gcc -E  conftest.c
configure:7277: $? = 0
configure:7291: i686-w64-mingw32-gcc -E  conftest.c
conftest.c:11:28: fatal error: ac_nonexistent.h: No such file or directory
compilation terminated.
configure:7291: $? = 1
configure: failed program was:
| /* confdefs.h */
| #define PACKAGE_NAME "libusb"
| #define PACKAGE_TARNAME "libusb"
| #define PACKAGE_VERSION "1.0.9"
| #define PACKAGE_STRING "libusb 1.0.9"
| #define PACKAGE_BUGREPORT "libusb-devel@lists.sourceforge.net"
| #define PACKAGE_URL "http://www.libusb.org/"
| #define PACKAGE "libusb"
| #define VERSION "1.0.9"
| /* end confdefs.h.  */
| #include <ac_nonexistent.h>
configure:7320: checking for ANSI C header files
configure:7340: i686-w64-mingw32-gcc -c -g -O2  conftest.c >&5
configure:7340: $? = 0
configure:7413: i686-w64-mingw32-gcc -o conftest.exe -g -O2   conftest.c  >&5
configure:7413: $? = 0
configure:7413: ./conftest.exe
configure:7413: $? = 0
configure:7424: result: yes
configure:7437: checking for sys/types.h
configure:7437: i686-w64-mingw32-gcc -c -g -O2  conftest.c >&5
configure:7437: $? = 0
configure:7437: result: yes
configure:7437: checking for sys/stat.h
configure:7437: i686-w64-mingw32-gcc -c -g -O2  conftest.c >&5
configure:7437: $? = 0
configure:7437: result: yes
configure:7437: checking for stdlib.h
configure:7437: i686-w64-mingw32-gcc -c -g -O2  conftest.c >&5
configure:7437: $? = 0
configure:7437: result: yes
configure:7437: checking for string.h
configure:7437: i686-w64-mingw32-gcc -c -g -O2  conftest.c >&5
configure:7437: $? = 0
configure:7437: result: yes
configure:7437: checking for memory.h
configure:7437: i686-w64-mingw32-gcc -c -g -O2  conftest.c >&5
configure:7437: $? = 0
configure:7437: result: yes
configure:7437: checking for strings.h
configure:7437: i686-w64-mingw32-gcc -c -g -O2  conftest.c >&5
configure:7437: $? = 0
configure:7437: result: yes
configure:7437: checking for inttypes.h
configure:7437: i686-w64-mingw32-gcc -c -g -O2  conftest.c >&5
configure:7437: $? = 0
configure:7437: result: yes
configure:7437: checking for stdint.h
configure:7437: i686-w64-mingw32-gcc -c -g -O2  conftest.c >&5
configure:7437: $? = 0
configure:7437: result: yes
configure:7437: checking for unistd.h
configure:7437: i686-w64-mingw32-gcc -c -g -O2  conftest.c >&5
configure:7437: $? = 0
configure:7437: result: yes
configure:7451: checking for dlfcn.h
configure:7451: i686-w64-mingw32-gcc -c -g -O2  conftest.c >&5
conftest.c:55:19: fatal error: dlfcn.h: No such file or directory
compilation terminated.
configure:7451: $? = 1
configure: failed program was:
| /* confdefs.h */
| #define PACKAGE_NAME "libusb"
| #define PACKAGE_TARNAME "libusb"
| #define PACKAGE_VERSION "1.0.9"
| #define PACKAGE_STRING "libusb 1.0.9"
| #define PACKAGE_BUGREPORT "libusb-devel@lists.sourceforge.net"
| #define PACKAGE_URL "http://www.libusb.org/"
| #define PACKAGE "libusb"
| #define VERSION "1.0.9"
| #define STDC_HEADERS 1
| #define HAVE_SYS_TYPES_H 1
| #define HAVE_SYS_STAT_H 1
| #define HAVE_STDLIB_H 1
| #define HAVE_STRING_H 1
| #define HAVE_MEMORY_H 1
| #define HAVE_STRINGS_H 1
| #define HAVE_INTTYPES_H 1
| #define HAVE_STDINT_H 1
| #define HAVE_UNISTD_H 1
| /* end confdefs.h.  */
| #include <stdio.h>
| #ifdef HAVE_SYS_TYPES_H
| # include <sys/types.h>
| #endif
| #ifdef HAVE_SYS_STAT_H
| # include <sys/stat.h>
| #endif
| #ifdef STDC_HEADERS
| # include <stdlib.h>
| # include <stddef.h>
| #else
| # ifdef HAVE_STDLIB_H
| #  include <stdlib.h>
| # endif
| #endif
| #ifdef HAVE_STRING_H
| # if !defined STDC_HEADERS && defined HAVE_MEMORY_H
| #  include <memory.h>
| # endif
| # include <string.h>
| #endif
| #ifdef HAVE_STRINGS_H
| # include <strings.h>
| #endif
| #ifdef HAVE_INTTYPES_H
| # include <inttypes.h>
| #endif
| #ifdef HAVE_STDINT_H
| # include <stdint.h>
| #endif
| #ifdef HAVE_UNISTD_H
| # include <unistd.h>
| #endif
| 
| #include <dlfcn.h>
configure:7451: result: no
configure:7657: checking for objdir
configure:7672: result: .libs
configure:7939: checking if i686-w64-mingw32-gcc supports -fno-rtti -fno-exceptions
configure:7957: i686-w64-mingw32-gcc -c -g -O2  -fno-rtti -fno-exceptions conftest.c >&5
cc1: warning: command line option '-fno-rtti' is valid for C++/ObjC++ but not for C [enabled by default]
configure:7961: $? = 0
configure:7974: result: no
configure:8301: checking for i686-w64-mingw32-gcc option to produce PIC
configure:8308: result: -DDLL_EXPORT -DPIC
configure:8316: checking if i686-w64-mingw32-gcc PIC flag -DDLL_EXPORT -DPIC works
configure:8334: i686-w64-mingw32-gcc -c -g -O2  -DDLL_EXPORT -DPIC -DPIC conftest.c >&5
configure:8338: $? = 0
configure:8351: result: yes
configure:8380: checking if i686-w64-mingw32-gcc static flag -static works
configure:8408: result: yes
configure:8423: checking if i686-w64-mingw32-gcc supports -c -o file.o
configure:8444: i686-w64-mingw32-gcc -c -g -O2  -o out/conftest2.o conftest.c >&5
configure:8448: $? = 0
configure:8470: result: yes
configure:8478: checking if i686-w64-mingw32-gcc supports -c -o file.o
configure:8525: result: yes
configure:8558: checking whether the i686-w64-mingw32-gcc linker (/usr/i686-w64-mingw32/bin/ld) supports shared libraries
configure:9711: result: yes
configure:9748: checking whether -lc should be explicitly linked in
configure:9756: i686-w64-mingw32-gcc -c -g -O2  conftest.c >&5
configure:9759: $? = 0
configure:9774: i686-w64-mingw32-gcc -shared conftest.o  -v -o ./conftest -Wl,--enable-auto-image-base -Xlinker --out-implib -Xlinker conftest 2\>\&1 \| /usr/bin/grep  -lc  \>/dev/null 2\>\&1
configure:9777: $? = 1
configure:9791: result: yes
configure:9951: checking dynamic linker characteristics
configure:10688: result: Win32 ld.exe
configure:10795: checking how to hardcode library paths into programs
configure:10820: result: immediate
configure:11360: checking whether stripping libraries is possible
configure:11365: result: yes
configure:11400: checking if libtool supports shared libraries
configure:11402: result: yes
configure:11405: checking whether to build shared libraries
configure:11426: result: yes
configure:11429: checking whether to build static libraries
configure:11433: result: yes
configure:11473: checking for i686-w64-mingw32-windres
configure:11489: found /usr/bin/i686-w64-mingw32-windres
configure:11500: result: i686-w64-mingw32-windres
configure:11647: checking for inline
configure:11663: i686-w64-mingw32-gcc -c -g -O2  conftest.c >&5
configure:11663: $? = 0
configure:11671: result: inline
configure:11690: checking whether i686-w64-mingw32-gcc and cc understand -c and -o together
configure:11721: i686-w64-mingw32-gcc -c conftest.c -o conftest2.o >&5
configure:11725: $? = 0
configure:11731: i686-w64-mingw32-gcc -c conftest.c -o conftest2.o >&5
configure:11735: $? = 0
configure:11746: cc -c conftest.c >&5
configure:11750: $? = 0
configure:11758: cc -c conftest.c -o conftest2.o >&5
configure:11762: $? = 0
configure:11768: cc -c conftest.c -o conftest2.o >&5
configure:11772: $? = 0
configure:11790: result: yes
configure:11821: checking operating system
configure:11845: result: Windows
configure:12057: checking sys/timerfd.h usability
configure:12057: i686-w64-mingw32-gcc -c -g -O2  conftest.c >&5
conftest.c:58:25: fatal error: sys/timerfd.h: No such file or directory
compilation terminated.
configure:12057: $? = 1
configure: failed program was:
| /* confdefs.h */
| #define PACKAGE_NAME "libusb"
| #define PACKAGE_TARNAME "libusb"
| #define PACKAGE_VERSION "1.0.9"
| #define PACKAGE_STRING "libusb 1.0.9"
| #define PACKAGE_BUGREPORT "libusb-devel@lists.sourceforge.net"
| #define PACKAGE_URL "http://www.libusb.org/"
| #define PACKAGE "libusb"
| #define VERSION "1.0.9"
| #define STDC_HEADERS 1
| #define HAVE_SYS_TYPES_H 1
| #define HAVE_SYS_STAT_H 1
| #define HAVE_STDLIB_H 1
| #define HAVE_STRING_H 1
| #define HAVE_MEMORY_H 1
| #define HAVE_STRINGS_H 1
| #define HAVE_INTTYPES_H 1
| #define HAVE_STDINT_H 1
| #define HAVE_UNISTD_H 1
| #define LT_OBJDIR ".libs/"
| #define _GNU_SOURCE 1
| #define OS_WINDOWS 1
| #define POLL_NFDS_TYPE unsigned int
| /* end confdefs.h.  */
| #include <stdio.h>
| #ifdef HAVE_SYS_TYPES_H
| # include <sys/types.h>
| #endif
| #ifdef HAVE_SYS_STAT_H
| # include <sys/stat.h>
| #endif
| #ifdef STDC_HEADERS
| # include <stdlib.h>
| # include <stddef.h>
| #else
| # ifdef HAVE_STDLIB_H
| #  include <stdlib.h>
| # endif
| #endif
| #ifdef HAVE_STRING_H
| # if !defined STDC_HEADERS && defined HAVE_MEMORY_H
| #  include <memory.h>
| # endif
| # include <string.h>
| #endif
| #ifdef HAVE_STRINGS_H
| # include <strings.h>
| #endif
| #ifdef HAVE_INTTYPES_H
| # include <inttypes.h>
| #endif
| #ifdef HAVE_STDINT_H
| # include <stdint.h>
| #endif
| #ifdef HAVE_UNISTD_H
| # include <unistd.h>
| #endif
| #include <sys/timerfd.h>
configure:12057: result: no
configure:12057: checking sys/timerfd.h presence
configure:12057: i686-w64-mingw32-gcc -E  conftest.c
conftest.c:25:25: fatal error: sys/timerfd.h: No such file or directory
compilation terminated.
configure:12057: $? = 1
configure: failed program was:
| /* confdefs.h */
| #define PACKAGE_NAME "libusb"
| #define PACKAGE_TARNAME "libusb"
| #define PACKAGE_VERSION "1.0.9"
| #define PACKAGE_STRING "libusb 1.0.9"
| #define PACKAGE_BUGREPORT "libusb-devel@lists.sourceforge.net"
| #define PACKAGE_URL "http://www.libusb.org/"
| #define PACKAGE "libusb"
| #define VERSION "1.0.9"
| #define STDC_HEADERS 1
| #define HAVE_SYS_TYPES_H 1
| #define HAVE_SYS_STAT_H 1
| #define HAVE_STDLIB_H 1
| #define HAVE_STRING_H 1
| #define HAVE_MEMORY_H 1
| #define HAVE_STRINGS_H 1
| #define HAVE_INTTYPES_H 1
| #define HAVE_STDINT_H 1
| #define HAVE_UNISTD_H 1
| #define LT_OBJDIR ".libs/"
| #define _GNU_SOURCE 1
| #define OS_WINDOWS 1
| #define POLL_NFDS_TYPE unsigned int
| /* end confdefs.h.  */
| #include <sys/timerfd.h>
configure:12057: result: no
configure:12057: checking for sys/timerfd.h
configure:12057: result: no
configure:12077: checking whether TFD_NONBLOCK is declared
configure:12077: i686-w64-mingw32-gcc -c -g -O2  conftest.c >&5
conftest.c:25:25: fatal error: sys/timerfd.h: No such file or directory
compilation terminated.
configure:12077: $? = 1
configure: failed program was:
| /* confdefs.h */
| #define PACKAGE_NAME "libusb"
| #define PACKAGE_TARNAME "libusb"
| #define PACKAGE_VERSION "1.0.9"
| #define PACKAGE_STRING "libusb 1.0.9"
| #define PACKAGE_BUGREPORT "libusb-devel@lists.sourceforge.net"
| #define PACKAGE_URL "http://www.libusb.org/"
| #define PACKAGE "libusb"
| #define VERSION "1.0.9"
| #define STDC_HEADERS 1
| #define HAVE_SYS_TYPES_H 1
| #define HAVE_SYS_STAT_H 1
| #define HAVE_STDLIB_H 1
| #define HAVE_STRING_H 1
| #define HAVE_MEMORY_H 1
| #define HAVE_STRINGS_H 1
| #define HAVE_INTTYPES_H 1
| #define HAVE_STDINT_H 1
| #define HAVE_UNISTD_H 1
| #define LT_OBJDIR ".libs/"
| #define _GNU_SOURCE 1
| #define OS_WINDOWS 1
| #define POLL_NFDS_TYPE unsigned int
| /* end confdefs.h.  */
| #include <sys/timerfd.h>
| 
| int
| main ()
| {
| #ifndef TFD_NONBLOCK
| #ifdef __cplusplus
|   (void) TFD_NONBLOCK;
| #else
|   (void) TFD_NONBLOCK;
| #endif
| #endif
| 
|   ;
|   return 0;
| }
configure:12077: result: no
configure:12089: checking whether to use timerfd for timing
configure:12102: result: no (header not available)
configure:12107: checking for struct timespec
configure:12107: i686-w64-mingw32-gcc -c -g -O2  conftest.c >&5
configure:12107: $? = 0
configure:12107: i686-w64-mingw32-gcc -c -g -O2  conftest.c >&5
conftest.c: In function 'main':
conftest.c:61:30: error: expected expression before ')' token
configure:12107: $? = 1
configure: failed program was:
| /* confdefs.h */
| #define PACKAGE_NAME "libusb"
| #define PACKAGE_TARNAME "libusb"
| #define PACKAGE_VERSION "1.0.9"
| #define PACKAGE_STRING "libusb 1.0.9"
| #define PACKAGE_BUGREPORT "libusb-devel@lists.sourceforge.net"
| #define PACKAGE_URL "http://www.libusb.org/"
| #define PACKAGE "libusb"
| #define VERSION "1.0.9"
| #define STDC_HEADERS 1
| #define HAVE_SYS_TYPES_H 1
| #define HAVE_SYS_STAT_H 1
| #define HAVE_STDLIB_H 1
| #define HAVE_STRING_H 1
| #define HAVE_MEMORY_H 1
| #define HAVE_STRINGS_H 1
| #define HAVE_INTTYPES_H 1
| #define HAVE_STDINT_H 1
| #define HAVE_UNISTD_H 1
| #define LT_OBJDIR ".libs/"
| #define _GNU_SOURCE 1
| #define OS_WINDOWS 1
| #define POLL_NFDS_TYPE unsigned int
| /* end confdefs.h.  */
| #include <stdio.h>
| #ifdef HAVE_SYS_TYPES_H
| # include <sys/types.h>
| #endif
| #ifdef HAVE_SYS_STAT_H
| # include <sys/stat.h>
| #endif
| #ifdef STDC_HEADERS
| # include <stdlib.h>
| # include <stddef.h>
| #else
| # ifdef HAVE_STDLIB_H
| #  include <stdlib.h>
| # endif
| #endif
| #ifdef HAVE_STRING_H
| # if !defined STDC_HEADERS && defined HAVE_MEMORY_H
| #  include <memory.h>
| # endif
| # include <string.h>
| #endif
| #ifdef HAVE_STRINGS_H
| # include <strings.h>
| #endif
| #ifdef HAVE_INTTYPES_H
| # include <inttypes.h>
| #endif
| #ifdef HAVE_STDINT_H
| # include <stdint.h>
| #endif
| #ifdef HAVE_UNISTD_H
| # include <unistd.h>
| #endif
| int
| main ()
| {
| if (sizeof ((struct timespec)))
| 	    return 0;
|   ;
|   return 0;
| }
configure:12107: result: yes
configure:12177: i686-w64-mingw32-gcc -c -g -O2 -Werror -fvisibility=hidden  conftest.c >&5
configure:12177: $? = 0
configure:12205: i686-w64-mingw32-gcc -c -g -O2 -Wno-pointer-sign  conftest.c >&5
configure:12205: $? = 0
configure:12214: checking for sigaction
configure:12214: i686-w64-mingw32-gcc -o conftest.exe -g -O2   conftest.c  >&5
/tmp/ccQsj1ku.o: In function `main':
/home/david/little_projects/cancap/win_dep/libusb/conftest.c:62: undefined reference to `sigaction'
collect2: error: ld returned 1 exit status
configure:12214: $? = 1
configure: failed program was:
| /* confdefs.h */
| #define PACKAGE_NAME "libusb"
| #define PACKAGE_TARNAME "libusb"
| #define PACKAGE_VERSION "1.0.9"
| #define PACKAGE_STRING "libusb 1.0.9"
| #define PACKAGE_BUGREPORT "libusb-devel@lists.sourceforge.net"
| #define PACKAGE_URL "http://www.libusb.org/"
| #define PACKAGE "libusb"
| #define VERSION "1.0.9"
| #define STDC_HEADERS 1
| #define HAVE_SYS_TYPES_H 1
| #define HAVE_SYS_STAT_H 1
| #define HAVE_STDLIB_H 1
| #define HAVE_STRING_H 1
| #define HAVE_MEMORY_H 1
| #define HAVE_STRINGS_H 1
| #define HAVE_INTTYPES_H 1
| #define HAVE_STDINT_H 1
| #define HAVE_UNISTD_H 1
| #define LT_OBJDIR ".libs/"
| #define _GNU_SOURCE 1
| #define OS_WINDOWS 1
| #define POLL_NFDS_TYPE unsigned int
| #define HAVE_STRUCT_TIMESPEC 1
| #define ENABLE_LOGGING 1
| #define DEFAULT_VISIBILITY __attribute__((visibility("default")))
| /* end confdefs.h.  */
| /* Define sigaction to an innocuous variant, in case <limits.h> declares sigaction.
|    For example, HP-UX 11i <limits.h> declares gettimeofday.  */
| #define sigaction innocuous_sigaction
| 
| /* System header to define __stub macros and hopefully few prototypes,
|     which can conflict with char sigaction (); below.
|     Prefer <limits.h> to <assert.h> if __STDC__ is defined, since
|     <limits.h> exists even on freestanding compilers.  */
| 
| #ifdef __STDC__
| # include <limits.h>
| #else
| # include <assert.h>
| #endif
| 
| #undef sigaction
| 
| /* Override any GCC internal prototype to avoid an error.
|    Use char because int might match the return type of a GCC
|    builtin and then its argument prototype would still apply.  */
| #ifdef __cplusplus
| extern "C"
| #endif
| char sigaction ();
| /* The GNU C library defines this for functions which it implements
|     to always fail with ENOSYS.  Some functions are actually named
|     something starting with __ and the normal name is an alias.  */
| #if defined __stub_sigaction || defined __stub___sigaction
| choke me
| #endif
| 
| int
| main ()
| {
| return sigaction ();
|   ;
|   return 0;
| }
configure:12214: result: no
configure:12233: checking sys/time.h usability
configure:12233: i686-w64-mingw32-gcc -c -g -O2  conftest.c >&5
configure:12233: $? = 0
configure:12233: result: yes
configure:12233: checking sys/time.h presence
configure:12233: i686-w64-mingw32-gcc -E  conftest.c
configure:12233: $? = 0
configure:12233: result: yes
configure:12233: checking for sys/time.h
configure:12233: result: yes
configure:12245: checking for gettimeofday
configure:12245: i686-w64-mingw32-gcc -o conftest.exe -g -O2   conftest.c  >&5
configure:12245: $? = 0
configure:12245: result: yes
configure:12434: creating ./config.status

## ---------------------- ##
## Running config.status. ##
## ---------------------- ##

This file was extended by libusb config.status 1.0.9, which was
generated by GNU Autoconf 2.68.  Invocation command line was

  CONFIG_FILES    = 
  CONFIG_HEADERS  = 
  CONFIG_LINKS    = 
  CONFIG_COMMANDS = 
  $ ./config.status 

on vaio.davidgf.net

config.status:1186: creating libusb-1.0.pc
config.status:1186: creating Makefile
config.status:1186: creating libusb/Makefile
config.status:1186: creating examples/Makefile
config.status:1186: creating doc/Makefile
config.status:1186: creating doc/doxygen.cfg
config.status:1186: creating config.h
config.status:1415: executing depfiles commands
config.status:1415: executing libtool commands

## ---------------- ##
## Cache variables. ##
## ---------------- ##

ac_cv_build=i686-w64-mingw32
ac_cv_c_compiler_gnu=yes
ac_cv_c_inline=inline
ac_cv_env_CC_set=
ac_cv_env_CC_value=
ac_cv_env_CFLAGS_set=
ac_cv_env_CFLAGS_value=
ac_cv_env_CPPFLAGS_set=
ac_cv_env_CPPFLAGS_value=
ac_cv_env_CPP_set=
ac_cv_env_CPP_value=
ac_cv_env_LDFLAGS_set=
ac_cv_env_LDFLAGS_value=
ac_cv_env_LIBS_set=
ac_cv_env_LIBS_value=
ac_cv_env_build_alias_set=set
ac_cv_env_build_alias_value=i686-w64-mingw32
ac_cv_env_host_alias_set=set
ac_cv_env_host_alias_value=i686-w64-mingw32
ac_cv_env_target_alias_set=
ac_cv_env_target_alias_value=
ac_cv_exeext=.exe
ac_cv_func_gettimeofday=yes
ac_cv_func_sigaction=no
ac_cv_have_decl_TFD_NONBLOCK=no
ac_cv_header_dlfcn_h=no
ac_cv_header_inttypes_h=yes
ac_cv_header_memory_h=yes
ac_cv_header_stdc=yes
ac_cv_header_stdint_h=yes
ac_cv_header_stdlib_h=yes
ac_cv_header_string_h=yes
ac_cv_header_strings_h=yes
ac_cv_header_sys_stat_h=yes
ac_cv_header_sys_time_h=yes
ac_cv_header_sys_timerfd_h=no
ac_cv_header_sys_types_h=yes
ac_cv_header_unistd_h=yes
ac_cv_host=i686-w64-mingw32
ac_cv_objext=o
ac_cv_path_EGREP='/usr/bin/grep -E'
ac_cv_path_FGREP='/usr/bin/grep -F'
ac_cv_path_GREP=/usr/bin/grep
ac_cv_path_SED=/usr/bin/sed
ac_cv_path_install='/usr/bin/install -c'
ac_cv_path_mkdir=/usr/bin/mkdir
ac_cv_prog_AR=i686-w64-mingw32-ar
ac_cv_prog_AWK=gawk
ac_cv_prog_CC=i686-w64-mingw32-gcc
ac_cv_prog_CPP='i686-w64-mingw32-gcc -E'
ac_cv_prog_DLLTOOL=i686-w64-mingw32-dlltool
ac_cv_prog_OBJDUMP=i686-w64-mingw32-objdump
ac_cv_prog_RANLIB=i686-w64-mingw32-ranlib
ac_cv_prog_RC=i686-w64-mingw32-windres
ac_cv_prog_STRIP=i686-w64-mingw32-strip
ac_cv_prog_cc_c89=
ac_cv_prog_cc_g=yes
ac_cv_prog_cc_i686_w64_mingw32_gcc_c_o=yes
ac_cv_prog_make_make_set=yes
ac_cv_type_struct_timespec=yes
am_cv_CC_dependencies_compiler_type=gcc3
am_cv_make_support_nested_variables=yes
lt_cv_ar_at_file=@
lt_cv_archive_cmds_need_lc=yes
lt_cv_deplibs_check_method='file_magic ^x86 archive import|^x86 DLL'
lt_cv_file_magic_cmd=func_win32_libid
lt_cv_file_magic_test_file=
lt_cv_ld_reload_flag=-r
lt_cv_nm_interface='BSD nm'
lt_cv_objdir=.libs
lt_cv_path_LD=/usr/i686-w64-mingw32/bin/ld
lt_cv_path_NM='/usr/bin/nm -B'
lt_cv_path_mainfest_tool=no
lt_cv_prog_compiler_c_o=yes
lt_cv_prog_compiler_c_o_RC=yes
lt_cv_prog_compiler_pic='-DDLL_EXPORT -DPIC'
lt_cv_prog_compiler_pic_works=yes
lt_cv_prog_compiler_rtti_exceptions=no
lt_cv_prog_compiler_static_works=yes
lt_cv_prog_gnu_ld=yes
lt_cv_sharedlib_from_linklib_cmd=func_cygming_dll_for_implib
lt_cv_sys_global_symbol_pipe=
lt_cv_sys_global_symbol_to_c_name_address='sed -n -e '\''s/^: \([^ ]*\)[ ]*$/  {\"\1\", (void *) 0},/p'\'' -e '\''s/^[ABCDGIRSTW]* \([^ ]*\) \([^ ]*\)$/  {"\2", (void *) \&\2},/p'\'''
lt_cv_sys_global_symbol_to_c_name_address_lib_prefix='sed -n -e '\''s/^: \([^ ]*\)[ ]*$/  {\"\1\", (void *) 0},/p'\'' -e '\''s/^[ABCDGIRSTW]* \([^ ]*\) \(lib[^ ]*\)$/  {"\2", (void *) \&\2},/p'\'' -e '\''s/^[ABCDGIRSTW]* \([^ ]*\) \([^ ]*\)$/  {"lib\2", (void *) \&\2},/p'\'''
lt_cv_sys_global_symbol_to_cdecl=
lt_cv_sys_max_cmd_len=8192
lt_cv_to_host_file_cmd=func_convert_file_msys_to_w32
lt_cv_to_tool_file_cmd=func_convert_file_msys_to_w32

## ----------------- ##
## Output variables. ##
## ----------------- ##

ACLOCAL='${SHELL} /home/david/little_projects/cancap/win_dep/libusb/missing --run aclocal-1.11'
AMDEPBACKSLASH='\'
AMDEP_FALSE='#'
AMDEP_TRUE=''
AMTAR='$${TAR-tar}'
AM_BACKSLASH='\'
AM_CFLAGS='-std=gnu99 -Wall -Wundef -Wunused -Wstrict-prototypes -Werror-implicit-function-declaration -Wno-pointer-sign -Wshadow  -fvisibility=hidden'
AM_DEFAULT_V='$(AM_DEFAULT_VERBOSITY)'
AM_DEFAULT_VERBOSITY='0'
AM_V='$(V)'
AR='i686-w64-mingw32-ar'
AUTOCONF='${SHELL} /home/david/little_projects/cancap/win_dep/libusb/missing --run autoconf'
AUTOHEADER='${SHELL} /home/david/little_projects/cancap/win_dep/libusb/missing --run autoheader'
AUTOMAKE='${SHELL} /home/david/little_projects/cancap/win_dep/libusb/missing --run automake-1.11'
AWK='gawk'
BUILD_EXAMPLES_FALSE=''
BUILD_EXAMPLES_TRUE='#'
CC='i686-w64-mingw32-gcc'
CCDEPMODE='depmode=gcc3'
CFLAGS='-g -O2'
CPP='i686-w64-mingw32-gcc -E'
CPPFLAGS=''
CYGPATH_W='echo'
DEFS='-DHAVE_CONFIG_H'
DEPDIR='.deps'
DLLTOOL='i686-w64-mingw32-dlltool'
DSYMUTIL=''
DUMPBIN=''
ECHO_C=''
ECHO_N='-n'
ECHO_T=''
EGREP='/usr/bin/grep -E'
EXEEXT='.exe'
FGREP='/usr/bin/grep -F'
GREP='/usr/bin/grep'
HAVE_SIGACTION_FALSE=''
HAVE_SIGACTION_TRUE='#'
INSTALL_DATA='${INSTALL} -m 644'
INSTALL_PROGRAM='${INSTALL}'
INSTALL_SCRIPT='${INSTALL}'
INSTALL_STRIP_PROGRAM='$(install_sh) -c -s'
LD='/usr/i686-w64-mingw32/bin/ld'
LDFLAGS=''
LIBOBJS=''
LIBS=''
LIBTOOL='$(SHELL) $(top_builddir)/libtool'
LIPO=''
LN_S='ln -s'
LTLDFLAGS='-version-info 1:0:1 -no-undefined -avoid-version -Wl,--add-stdcall-alias'
LTLIBOBJS=''
MAINT='#'
MAINTAINER_MODE_FALSE=''
MAINTAINER_MODE_TRUE='#'
MAKEINFO='${SHELL} /home/david/little_projects/cancap/win_dep/libusb/missing --run makeinfo'
MANIFEST_TOOL=':'
MKDIR_P='/usr/bin/mkdir -p'
NM='/usr/bin/nm -B'
NMEDIT=''
OBJDUMP='i686-w64-mingw32-objdump'
OBJEXT='o'
OS_DARWIN=''
OS_DARWIN_FALSE=''
OS_DARWIN_TRUE='#'
OS_LINUX=''
OS_LINUX_FALSE=''
OS_LINUX_TRUE='#'
OS_OPENBSD=''
OS_OPENBSD_FALSE=''
OS_OPENBSD_TRUE='#'
OS_WINDOWS=''
OS_WINDOWS_FALSE='#'
OS_WINDOWS_TRUE=''
OTOOL64=''
OTOOL=''
PACKAGE='libusb'
PACKAGE_BUGREPORT='libusb-devel@lists.sourceforge.net'
PACKAGE_NAME='libusb'
PACKAGE_STRING='libusb 1.0.9'
PACKAGE_TARNAME='libusb'
PACKAGE_URL='http://www.libusb.org/'
PACKAGE_VERSION='1.0.9'
PATH_SEPARATOR=':'
RANLIB='i686-w64-mingw32-ranlib'
RC='i686-w64-mingw32-windres'
SED='/usr/bin/sed'
SET_MAKE=''
SHELL='/bin/sh'
STRIP='i686-w64-mingw32-strip'
THREADS_POSIX_FALSE=''
THREADS_POSIX_TRUE='#'
VERSION='1.0.9'
ac_ct_AR=''
ac_ct_CC=''
ac_ct_DUMPBIN=''
am__EXEEXT_FALSE='#'
am__EXEEXT_TRUE=''
am__fastdepCC_FALSE='#'
am__fastdepCC_TRUE=''
am__include='include'
am__isrc=''
am__leading_dot='.'
am__nodep='_no'
am__quote=''
am__tar='$${TAR-tar} chof - "$$tardir"'
am__untar='$${TAR-tar} xf -'
bindir='${exec_prefix}/bin'
build='i686-w64-mingw32'
build_alias='i686-w64-mingw32'
build_cpu='i686'
build_os='mingw32'
build_vendor='w64'
datadir='${datarootdir}'
datarootdir='${prefix}/share'
docdir='${datarootdir}/doc/${PACKAGE_TARNAME}'
dvidir='${docdir}'
exec_prefix='${prefix}'
host='i686-w64-mingw32'
host_alias='i686-w64-mingw32'
host_cpu='i686'
host_os='mingw32'
host_vendor='w64'
htmldir='${docdir}'
includedir='${prefix}/include'
infodir='${datarootdir}/info'
install_sh='${SHELL} /home/david/little_projects/cancap/win_dep/libusb/install-sh'
libdir='${exec_prefix}/lib'
libexecdir='${exec_prefix}/libexec'
localedir='${datarootdir}/locale'
localstatedir='${prefix}/var'
mandir='${datarootdir}/man'
mkdir_p='/usr/bin/mkdir -p'
oldincludedir='/usr/include'
pdfdir='${docdir}'
prefix='/usr/local'
program_transform_name='s,x,x,'
psdir='${docdir}'
sbindir='${exec_prefix}/sbin'
sharedstatedir='${prefix}/com'
sysconfdir='${prefix}/etc'
target_alias=''

## ----------- ##
## confdefs.h. ##
## ----------- ##

/* confdefs.h */
#define PACKAGE_NAME "libusb"
#define PACKAGE_TARNAME "libusb"
#define PACKAGE_VERSION "1.0.9"
#define PACKAGE_STRING "libusb 1.0.9"
#define PACKAGE_BUGREPORT "libusb-devel@lists.sourceforge.net"
#define PACKAGE_URL "http://www.libusb.org/"
#define PACKAGE "libusb"
#define VERSION "1.0.9"
#define STDC_HEADERS 1
#define HAVE_SYS_TYPES_H 1
#define HAVE_SYS_STAT_H 1
#define HAVE_STDLIB_H 1
#define HAVE_STRING_H 1
#define HAVE_MEMORY_H 1
#define HAVE_STRINGS_H 1
#define HAVE_INTTYPES_H 1
#define HAVE_STDINT_H 1
#define HAVE_UNISTD_H 1
#define LT_OBJDIR ".libs/"
#define _GNU_SOURCE 1
#define OS_WINDOWS 1
#define POLL_NFDS_TYPE unsigned int
#define HAVE_STRUCT_TIMESPEC 1
#define ENABLE_LOGGING 1
#define DEFAULT_VISIBILITY __attribute__((visibility("default")))
#define HAVE_SYS_TIME_H 1
#define HAVE_GETTIMEOFDAY 1

configure: exit 0
